[debug] [2023-05-30T11:39:53.286Z] ----------------------------------------------------------------------
[debug] [2023-05-30T11:39:53.290Z] Command:       C:\Program Files\nodejs\node.exe C:\Users\Radhe Radhe\AppData\Roaming\npm\node_modules\firebase-tools\lib\bin\firebase.js init
[debug] [2023-05-30T11:39:53.291Z] CLI Version:   11.25.1
[debug] [2023-05-30T11:39:53.291Z] Platform:      win32
[debug] [2023-05-30T11:39:53.291Z] Node Version:  v16.16.0
[debug] [2023-05-30T11:39:53.293Z] Time:          Tue May 30 2023 17:09:53 GMT+0530 (India Standard Time)
[debug] [2023-05-30T11:39:53.293Z] ----------------------------------------------------------------------
[debug] 
[debug] [2023-05-30T11:39:53.410Z] > command requires scopes: ["email","openid","https://www.googleapis.com/auth/cloudplatformprojects.readonly","https://www.googleapis.com/auth/firebase","https://www.googleapis.com/auth/cloud-platform"]
[debug] [2023-05-30T11:39:53.411Z] > authorizing via signed-in user (buntysaini1849@gmail.com)
[info] 
     ######## #### ########  ######## ########     ###     ######  ########
     ##        ##  ##     ## ##       ##     ##  ##   ##  ##       ##
     ######    ##  ########  ######   ########  #########  ######  ######
     ##        ##  ##    ##  ##       ##     ## ##     ##       ## ##
     ##       #### ##     ## ######## ########  ##     ##  ######  ########

You're about to initialize a Firebase project in this directory:

  C:\Users\Radhe Radhe\Desktop\new react pro\deliverytracker

Before we get started, keep in mind:

  * You are initializing within an existing Firebase project directory

[info] 
=== Project Setup
[info] 
[info] First, let's associate this project directory with a Firebase project.
[info] You can create multiple project aliases by running firebase use --add, 
[info] but for now we'll just set up a default project.
[info] 
[debug] [2023-05-30T11:39:59.229Z] Using project from CLI flag: delivery-tracker-b9388
[debug] [2023-05-30T11:39:59.234Z] >>> [apiv2][query] GET https://firebase.googleapis.com/v1beta1/projects/delivery-tracker-b9388 [none]
[debug] [2023-05-30T11:40:15.042Z] <<< [apiv2][status] GET https://firebase.googleapis.com/v1beta1/projects/delivery-tracker-b9388 200
[debug] [2023-05-30T11:40:15.043Z] <<< [apiv2][body] GET https://firebase.googleapis.com/v1beta1/projects/delivery-tracker-b9388 {"projectId":"delivery-tracker-b9388","projectNumber":"859387774944","displayName":"delivery-tracker","name":"projects/delivery-tracker-b9388","resources":{"hostingSite":"delivery-tracker-b9388"},"state":"ACTIVE","etag":"1_1c05a4e3-e6ac-421d-b267-5e48e8e15265"}
[info] i  Using project delivery-tracker-b9388 (delivery-tracker) 
[info] 
=== Hosting Setup
[info] 
[info] Your public directory is the folder (relative to your project directory) that
[info] will contain Hosting assets to be uploaded with firebase deploy. If you
[info] have a build process for your assets, use your build's output directory.
[info] 
